{'uci_id': 374, 'name': 'Appliances Energy Prediction', 'repository_url': 'https://archive.ics.uci.edu/dataset/374/appliances+energy+prediction', 'data_url': 'https://archive.ics.uci.edu/static/public/374/data.csv', 'abstract': 'Experimental data used to create regression models of appliances energy use in a low energy building.', 'area': 'Computer Science', 'tasks': ['Regression'], 'characteristics': ['Multivariate', 'Time-Series'], 'num_instances': 19735, 'num_features': 28, 'feature_types': ['Real'], 'demographics': [], 'target_col': ['Appliances'], 'index_col': None, 'has_missing_values': 'no', 'missing_values_symbol': None, 'year_of_dataset_creation': 2017, 'last_updated': 'Fri Mar 29 2024', 'dataset_doi': '10.24432/C5VC8G', 'creators': ['Luis Candanedo'], 'intro_paper': {'ID': 398, 'type': 'NATIVE', 'title': 'Data driven prediction models of energy use of appliances in a low-energy house', 'authors': 'L. Candanedo, V. Feldheim, Dominique Deramaix', 'venue': 'Energy and Buildings, Volume 140', 'year': 2017, 'journal': None, 'DOI': '10.1016/j.enbuild.2017.01.083', 'URL': 'https://www.semanticscholar.org/paper/28025ec6f4d5ab121bd91b36c754c0f0831d2433', 'sha': None, 'corpus': None, 'arxiv': None, 'mag': None, 'acl': None, 'pmid': None, 'pmcid': None}, 'additional_info': {'summary': 'The data set is at 10 min for about 4.5 months. The house temperature and humidity conditions were monitored with a ZigBee wireless sensor network. Each wireless node transmitted the temperature and humidity conditions around 3.3 min. Then, the wireless data was averaged for 10 minutes periods. The energy data was logged every 10 minutes with m-bus energy meters. Weather from the nearest airport weather station (Chievres Airport, Belgium) was downloaded from a public data set from Reliable Prognosis (rp5.ru), and merged together with the experimental data sets using the date and time column. Two random variables have been included in the data set for testing the regression models and to filter out non predictive attributes (parameters).\r\n\r\nFor more information about the house, data collection, R scripts and figures, please refer to the paper and to the following github repository:\r\n\r\nhttps://github.com/LuisM78/Appliances-energy-prediction-data\r\n', 'purpose': None, 'funded_by': None, 'instances_represent': None, 'recommended_data_splits': None, 'sensitive_data': None, 'preprocessing_description': None, 'variable_info': 'date time year-month-day hour:minute:second \r\nAppliances, energy use in Wh\r\nlights, energy use of light fixtures in the house in Wh\r\nT1, Temperature in kitchen area, in Celsius\r\nRH_1, Humidity in kitchen area, in %\r\nT2, Temperature in living room area, in Celsius\r\nRH_2, Humidity in living room area, in %\r\nT3, Temperature in laundry room area\r\nRH_3, Humidity in laundry room area, in %\r\nT4, Temperature in office room, in Celsius\r\nRH_4, Humidity in office room, in %\r\nT5, Temperature in bathroom, in Celsius\r\nRH_5, Humidity in bathroom, in %\r\nT6, Temperature outside the building (north side), in Celsius\r\nRH_6, Humidity outside the building (north side), in %\r\nT7, Temperature in ironing room , in Celsius\r\nRH_7, Humidity in ironing room, in %\r\nT8, Temperature in teenager room 2, in Celsius\r\nRH_8, Humidity in teenager room 2, in %\r\nT9, Temperature in parents room, in Celsius\r\nRH_9, Humidity in parents room, in %\r\nTo, Temperature outside (from Chievres weather station), in Celsius\r\nPressure (from Chievres weather station), in mm Hg\r\nRH_out, Humidity outside (from Chievres weather station), in %\r\nWind speed (from Chievres weather station), in m/s\r\nVisibility (from Chievres weather station), in km\r\nTdewpoint (from Chievres weather station), Â°C\r\nrv1, Random variable 1, nondimensional\r\nrv2, Random variable 2, nondimensional\r\n\r\nWhere indicated, hourly data (then interpolated) from the nearest airport weather station (Chievres Airport, Belgium) was downloaded from a public data set from Reliable Prognosis, rp5.ru. Permission was obtained from Reliable Prognosis for the distribution of the 4.5 months of weather data.\r\n', 'citation': None}}


Trial 3 finished with value: 5.381709060823422 and parameters: {'lr': 0.00021740778056954664, 'epochs': 140, 'n_layers': 2, 'layer_size': 112, 'dropout': 0.0, 'mean_head_dropout': 0.1, 'n_models': 5}. Best is trial 3 with value: 5.381709060823422.
Best trial: 3. Best value: 5.38171:  40%|████████████████████████████████▍                                                | 4/10 [2:39:13<3:47:43, 2277.30s/it]Model 1/5, Epoch 1/140, Loss: 1.7120


Trial 4 finished with value: 5.221673280081976 and parameters: {'lr': 0.00026717086775436636, 'epochs': 140, 'n_layers': 8, 'layer_size': 112, 'dropout': 0.0, 'mean_head_dropout': 0.1, 'n_models': 5}. Best is trial 4 with value: 5.221673280081976.
Best trial: 4. Best value: 5.22167:  50%|████████████████████████████████████████▌                                        | 5/10 [3:45:06<4:00:06, 2881.22s/it]Model 1/5, Epoch 1/100, Loss: 1.2645

Trial 5 failed with value np.float64(nan).                                                                                         
Best trial: 4. Best value: 5.22167:  60%|████████████████████████████████████████████████▌                                | 6/10 [4:32:23<3:11:05, 2866.49s/it]Model 1/5, Epoch 1/200, Loss: 2.0438

Trial 7 finished with value: 5.12629453702438 and parameters: {'lr': 0.0010243196265020409, 'epochs': 160, 'n_layers': 6, 'layer_size': 72, 'dropout': 0.0, 'mean_head_dropout': 0.0, 'n_models': 5}. Best is trial 7 with value: 5.12629453702438.
Best trial: 7. Best value: 5.12629:  80%|██████████████████████████████████████████████████████████████▍               | 8/10 [22:41:47<12:02:31, 21675.75s/it]Model 1/5, Epoch 1/60, Loss: 1.4327
# Appliacne Energy Prediciton
Trial 8 finished with value: 5.195337169777046 and parameters: {'lr': 0.0009287278808546707, 'epochs': 60, 'n_layers': 3, 'layer_size': 56, 'dropout': 0.0, 'mean_head_dropout': 0.0, 'n_models': 5}. Best is trial 7 with value: 5.12629453702438.
Best trial: 7. Best value: 5.12629:  90%|███████████████████████████████████████████████████████████████████████        | 9/10 [23:00:24<4:14:08, 15248.67s/it]Model 1/5, Epoch 1/160, Loss: 1.5340



Trial 2 finished with value: 0.957588869419288 and parameters: {'lr': 0.00016404701944650255, 'epochs': 80, 'n_layers': 2, 'layer_size': 104, 'dropout': 0.1, 'mean_head_dropout': 0.1, 'n_models': 5}. Best is trial 2 with value: 0.957588869419288.

# White wine
Trial 0 finished with value: 1.1635513710335281 and parameters: {'lr': 2.2139290514335146e-05, 'epochs': 140, 'n_layers': 2, 'layer_size': 40, 'n_models': 5}. Best is trial 0 with value: 1.1635513710335281.
Best trial: 0. Best value: 1.16355:  10%|████████████▌ 

Trial 3 finished with value: 1.190713016489914 and parameters: {'lr': 5.797801971205834e-05, 'epochs': 20, 'n_layers': 8, 'layer_size': 40, 'n_models': 5}. Best is trial 1 with value: 1.0291404817342555.
Best trial: 1. Best value: 1.02914:  40%|██████████████████████████████████████████████████▍                                                                          | 4/10 [48:37<1:03:08, 631.34s/it]

# Power Plant
Trial 3 finished with value: 3.514329474690232 and parameters: {'lr': 5.797801971205834e-05, 'epochs': 20, 'n_layers': 8, 'layer_size': 40, 'n_models': 5}. Best is trial 1 with value: 2.79481429149171.
Best trial: 1. Best value: 2.79481:  40%|██████████████████████████████████████████████████                                                                           | 4/10 [19:11<28:28, 284.82s/it]